2023-03-12 00:06:20.789 ERROR [http-nio-8080-exec-5] [com.ssnk.dao.UserDaoImpl.findUserByUsername(UserDaoImpl.java:63)] - org.hibernate.HibernateException: Could not obtain transaction-synchronized Session for current thread
2023-03-12 00:06:21.284 WARN [http-nio-8080-exec-4] [org.hibernate.internal.SessionImpl.createCriteria(SessionImpl.java:1782)] - HHH90000022: Hibernate's legacy org.hibernate.Criteria API is deprecated; use the JPA javax.persistence.criteria.CriteriaQuery instead
2023-03-12 00:07:22.485 INFO [Catalina-utility-2] [org.springframework.web.context.ContextLoader.initWebApplicationContext(ContextLoader.java:271)] - Root WebApplicationContext: initialization started
2023-03-12 00:07:25.280 INFO [Catalina-utility-2] [org.hibernate.Version.logVersion(Version.java:44)] - HHH000412: Hibernate ORM core version 5.4.13.Final
2023-03-12 00:07:25.686 INFO [Catalina-utility-2] [org.hibernate.annotations.common.reflection.java.JavaReflectionManager.<clinit>(JavaReflectionManager.java:49)] - HCANN000001: Hibernate Commons Annotations {5.1.0.Final}
2023-03-12 00:07:26.361 INFO [Catalina-utility-2] [org.hibernate.dialect.Dialect.<init>(Dialect.java:172)] - HHH000400: Using dialect: org.hibernate.dialect.MySQL8Dialect
2023-03-12 00:07:26.870 WARN [Catalina-utility-2] [org.hibernate.boot.internal.InFlightMetadataCollectorImpl.addIdentifierGenerator(InFlightMetadataCollectorImpl.java:498)] - HHH000069: Duplicate generator name sequence-generator
2023-03-12 00:07:28.351 INFO [Catalina-utility-2] [org.hibernate.engine.transaction.jta.platform.internal.JtaPlatformInitiator.initiateService(JtaPlatformInitiator.java:52)] - HHH000490: Using JtaPlatform implementation: [org.hibernate.engine.transaction.jta.platform.internal.NoJtaPlatform]
2023-03-12 00:07:29.784 INFO [Catalina-utility-2] [org.springframework.security.web.DefaultSecurityFilterChain.<init>(DefaultSecurityFilterChain.java:43)] - Creating filter chain: any request, [org.springframework.security.web.context.request.async.WebAsyncManagerIntegrationFilter@51409faf, org.springframework.security.web.context.SecurityContextPersistenceFilter@31087800, org.springframework.security.web.header.HeaderWriterFilter@373ed6f5, org.springframework.security.web.authentication.logout.LogoutFilter@67d9d142, org.springframework.security.web.authentication.UsernamePasswordAuthenticationFilter@8a173f1, org.springframework.security.web.savedrequest.RequestCacheAwareFilter@2408a276, org.springframework.security.web.servletapi.SecurityContextHolderAwareRequestFilter@7ca34cd5, org.springframework.security.web.authentication.AnonymousAuthenticationFilter@131a6852, org.springframework.security.web.session.SessionManagementFilter@2089a213, org.springframework.security.web.access.ExceptionTranslationFilter@73bad12e, org.springframework.security.web.access.intercept.FilterSecurityInterceptor@d105687]
2023-03-12 00:07:29.842 INFO [Catalina-utility-2] [org.springframework.web.context.ContextLoader.initWebApplicationContext(ContextLoader.java:307)] - Root WebApplicationContext initialized in 7343 ms
2023-03-12 00:07:29.873 INFO [Catalina-utility-2] [org.springframework.web.servlet.FrameworkServlet.initServletBean(FrameworkServlet.java:525)] - Initializing Servlet 'dispatcher'
2023-03-12 00:07:30.908 INFO [Catalina-utility-2] [org.hibernate.dialect.Dialect.<init>(Dialect.java:172)] - HHH000400: Using dialect: org.hibernate.dialect.MySQL8Dialect
2023-03-12 00:07:30.919 WARN [Catalina-utility-2] [org.hibernate.boot.internal.InFlightMetadataCollectorImpl.addIdentifierGenerator(InFlightMetadataCollectorImpl.java:498)] - HHH000069: Duplicate generator name sequence-generator
2023-03-12 00:07:31.057 INFO [Catalina-utility-2] [org.hibernate.engine.transaction.jta.platform.internal.JtaPlatformInitiator.initiateService(JtaPlatformInitiator.java:52)] - HHH000490: Using JtaPlatform implementation: [org.hibernate.engine.transaction.jta.platform.internal.NoJtaPlatform]
2023-03-12 00:07:31.115 INFO [Catalina-utility-2] [org.springframework.security.web.DefaultSecurityFilterChain.<init>(DefaultSecurityFilterChain.java:43)] - Creating filter chain: any request, [org.springframework.security.web.context.request.async.WebAsyncManagerIntegrationFilter@5c09a197, org.springframework.security.web.context.SecurityContextPersistenceFilter@733866de, org.springframework.security.web.header.HeaderWriterFilter@cafa445, org.springframework.security.web.authentication.logout.LogoutFilter@1e795476, org.springframework.security.web.authentication.UsernamePasswordAuthenticationFilter@6b102a8f, org.springframework.security.web.savedrequest.RequestCacheAwareFilter@63525df2, org.springframework.security.web.servletapi.SecurityContextHolderAwareRequestFilter@12ae5051, org.springframework.security.web.authentication.AnonymousAuthenticationFilter@1c0f1225, org.springframework.security.web.session.SessionManagementFilter@39a0aebc, org.springframework.security.web.access.ExceptionTranslationFilter@23067f94, org.springframework.security.web.access.intercept.FilterSecurityInterceptor@3eeb00c0]
2023-03-12 00:07:31.228 INFO [Catalina-utility-2] [org.springframework.web.servlet.FrameworkServlet.initServletBean(FrameworkServlet.java:547)] - Completed initialization in 1354 ms
2023-03-12 00:50:42.284 INFO [main] [org.springframework.web.context.ContextLoader.initWebApplicationContext(ContextLoader.java:271)] - Root WebApplicationContext: initialization started
2023-03-12 00:50:44.624 INFO [main] [org.hibernate.Version.logVersion(Version.java:44)] - HHH000412: Hibernate ORM core version 5.4.13.Final
2023-03-12 00:50:44.990 INFO [main] [org.hibernate.annotations.common.reflection.java.JavaReflectionManager.<clinit>(JavaReflectionManager.java:49)] - HCANN000001: Hibernate Commons Annotations {5.1.0.Final}
2023-03-12 00:50:45.926 INFO [main] [org.hibernate.dialect.Dialect.<init>(Dialect.java:172)] - HHH000400: Using dialect: org.hibernate.dialect.MySQL8Dialect
2023-03-12 00:50:46.357 WARN [main] [org.hibernate.boot.internal.InFlightMetadataCollectorImpl.addIdentifierGenerator(InFlightMetadataCollectorImpl.java:498)] - HHH000069: Duplicate generator name sequence-generator
2023-03-12 00:50:47.608 INFO [main] [org.hibernate.engine.transaction.jta.platform.internal.JtaPlatformInitiator.initiateService(JtaPlatformInitiator.java:52)] - HHH000490: Using JtaPlatform implementation: [org.hibernate.engine.transaction.jta.platform.internal.NoJtaPlatform]
2023-03-12 00:50:48.813 INFO [main] [org.springframework.security.web.DefaultSecurityFilterChain.<init>(DefaultSecurityFilterChain.java:43)] - Creating filter chain: any request, [org.springframework.security.web.context.request.async.WebAsyncManagerIntegrationFilter@7156c7e5, org.springframework.security.web.context.SecurityContextPersistenceFilter@26a6698a, org.springframework.security.web.header.HeaderWriterFilter@257b60ef, org.springframework.security.web.authentication.logout.LogoutFilter@257d64bb, org.springframework.security.web.authentication.UsernamePasswordAuthenticationFilter@1fc5dba2, org.springframework.security.web.savedrequest.RequestCacheAwareFilter@53131125, org.springframework.security.web.servletapi.SecurityContextHolderAwareRequestFilter@a026d6, org.springframework.security.web.authentication.AnonymousAuthenticationFilter@9f36c40, org.springframework.security.web.session.SessionManagementFilter@3c7a3f0d, org.springframework.security.web.access.ExceptionTranslationFilter@299e83fd, org.springframework.security.web.access.intercept.FilterSecurityInterceptor@3e0be8c9]
2023-03-12 00:50:48.874 INFO [main] [org.springframework.web.context.ContextLoader.initWebApplicationContext(ContextLoader.java:307)] - Root WebApplicationContext initialized in 6579 ms
2023-03-12 00:50:48.898 INFO [main] [org.springframework.web.servlet.FrameworkServlet.initServletBean(FrameworkServlet.java:525)] - Initializing Servlet 'dispatcher'
2023-03-12 00:50:49.839 INFO [main] [org.hibernate.dialect.Dialect.<init>(Dialect.java:172)] - HHH000400: Using dialect: org.hibernate.dialect.MySQL8Dialect
2023-03-12 00:50:49.850 WARN [main] [org.hibernate.boot.internal.InFlightMetadataCollectorImpl.addIdentifierGenerator(InFlightMetadataCollectorImpl.java:498)] - HHH000069: Duplicate generator name sequence-generator
2023-03-12 00:50:49.985 INFO [main] [org.hibernate.engine.transaction.jta.platform.internal.JtaPlatformInitiator.initiateService(JtaPlatformInitiator.java:52)] - HHH000490: Using JtaPlatform implementation: [org.hibernate.engine.transaction.jta.platform.internal.NoJtaPlatform]
2023-03-12 00:50:50.028 INFO [main] [org.springframework.security.web.DefaultSecurityFilterChain.<init>(DefaultSecurityFilterChain.java:43)] - Creating filter chain: any request, [org.springframework.security.web.context.request.async.WebAsyncManagerIntegrationFilter@79576e9, org.springframework.security.web.context.SecurityContextPersistenceFilter@304cba1c, org.springframework.security.web.header.HeaderWriterFilter@388fcae3, org.springframework.security.web.authentication.logout.LogoutFilter@5c3b9603, org.springframework.security.web.authentication.UsernamePasswordAuthenticationFilter@5cb3c434, org.springframework.security.web.savedrequest.RequestCacheAwareFilter@655ff10f, org.springframework.security.web.servletapi.SecurityContextHolderAwareRequestFilter@2341f795, org.springframework.security.web.authentication.AnonymousAuthenticationFilter@3ba45698, org.springframework.security.web.session.SessionManagementFilter@2c80d32d, org.springframework.security.web.access.ExceptionTranslationFilter@15a9381, org.springframework.security.web.access.intercept.FilterSecurityInterceptor@1b5dc7c5]
2023-03-12 00:50:50.118 INFO [main] [org.springframework.web.servlet.FrameworkServlet.initServletBean(FrameworkServlet.java:547)] - Completed initialization in 1218 ms
2023-03-12 00:51:05.360 ERROR [http-nio-8080-exec-6] [com.ssnk.dao.UserDaoImpl.findUserByUsername(UserDaoImpl.java:63)] - org.hibernate.HibernateException: Could not obtain transaction-synchronized Session for current thread
2023-03-12 00:51:06.418 INFO [http-nio-8080-exec-8] [com.ssnk.dao.CustomerTempDaoImpl.getAll(CustomerTempDaoImpl.java:57)] - Calling getAll Temp Customers...
2023-03-12 00:51:06.424 WARN [http-nio-8080-exec-8] [org.hibernate.internal.SessionImpl.createCriteria(SessionImpl.java:1782)] - HHH90000022: Hibernate's legacy org.hibernate.Criteria API is deprecated; use the JPA javax.persistence.criteria.CriteriaQuery instead
2023-03-12 00:51:19.466 ERROR [http-nio-8080-exec-1] [com.ssnk.dao.UserDaoImpl.findUserByUsername(UserDaoImpl.java:63)] - org.hibernate.HibernateException: Could not obtain transaction-synchronized Session for current thread
2023-03-12 00:51:23.981 ERROR [http-nio-8080-exec-3] [com.ssnk.dao.UserDaoImpl.findUserByUsername(UserDaoImpl.java:63)] - org.hibernate.HibernateException: Could not obtain transaction-synchronized Session for current thread
2023-03-12 00:52:02.586 ERROR [http-nio-8080-exec-7] [com.ssnk.dao.UserDaoImpl.findUserByUsername(UserDaoImpl.java:63)] - org.hibernate.HibernateException: Could not obtain transaction-synchronized Session for current thread
2023-03-12 00:52:03.055 INFO [http-nio-8080-exec-9] [com.ssnk.dao.CustomerTempDaoImpl.getAll(CustomerTempDaoImpl.java:57)] - Calling getAll Temp Customers...
2023-03-12 00:52:03.056 WARN [http-nio-8080-exec-9] [org.hibernate.internal.SessionImpl.createCriteria(SessionImpl.java:1782)] - HHH90000022: Hibernate's legacy org.hibernate.Criteria API is deprecated; use the JPA javax.persistence.criteria.CriteriaQuery instead
2023-03-12 00:52:44.639 INFO [http-nio-8080-exec-4] [com.ssnk.dao.CustomerTempDaoImpl.getAll(CustomerTempDaoImpl.java:57)] - Calling getAll Temp Customers...
2023-03-12 00:52:44.640 WARN [http-nio-8080-exec-4] [org.hibernate.internal.SessionImpl.createCriteria(SessionImpl.java:1782)] - HHH90000022: Hibernate's legacy org.hibernate.Criteria API is deprecated; use the JPA javax.persistence.criteria.CriteriaQuery instead
2023-03-12 00:52:50.640 WARN [http-nio-8080-exec-5] [org.hibernate.internal.SessionImpl.createCriteria(SessionImpl.java:1782)] - HHH90000022: Hibernate's legacy org.hibernate.Criteria API is deprecated; use the JPA javax.persistence.criteria.CriteriaQuery instead
2023-03-12 00:52:58.729 WARN [http-nio-8080-exec-6] [org.hibernate.internal.SessionImpl.createCriteria(SessionImpl.java:1782)] - HHH90000022: Hibernate's legacy org.hibernate.Criteria API is deprecated; use the JPA javax.persistence.criteria.CriteriaQuery instead
2023-03-12 00:53:49.318 INFO [http-nio-8080-exec-10] [com.ssnk.dao.CustomerTempDaoImpl.getAll(CustomerTempDaoImpl.java:57)] - Calling getAll Temp Customers...
2023-03-12 00:53:49.320 WARN [http-nio-8080-exec-10] [org.hibernate.internal.SessionImpl.createCriteria(SessionImpl.java:1782)] - HHH90000022: Hibernate's legacy org.hibernate.Criteria API is deprecated; use the JPA javax.persistence.criteria.CriteriaQuery instead
2023-03-12 00:53:53.067 WARN [http-nio-8080-exec-1] [org.hibernate.internal.SessionImpl.createCriteria(SessionImpl.java:1782)] - HHH90000022: Hibernate's legacy org.hibernate.Criteria API is deprecated; use the JPA javax.persistence.criteria.CriteriaQuery instead
2023-03-12 00:53:59.617 INFO [http-nio-8080-exec-5] [com.ssnk.dao.CustomerTempDaoImpl.getAll(CustomerTempDaoImpl.java:57)] - Calling getAll Temp Customers...
2023-03-12 00:53:59.618 WARN [http-nio-8080-exec-5] [org.hibernate.internal.SessionImpl.createCriteria(SessionImpl.java:1782)] - HHH90000022: Hibernate's legacy org.hibernate.Criteria API is deprecated; use the JPA javax.persistence.criteria.CriteriaQuery instead
2023-03-12 00:54:22.273 INFO [http-nio-8080-exec-2] [com.ssnk.dao.CustomerTempDaoImpl.getAll(CustomerTempDaoImpl.java:57)] - Calling getAll Temp Customers...
2023-03-12 00:54:22.274 WARN [http-nio-8080-exec-2] [org.hibernate.internal.SessionImpl.createCriteria(SessionImpl.java:1782)] - HHH90000022: Hibernate's legacy org.hibernate.Criteria API is deprecated; use the JPA javax.persistence.criteria.CriteriaQuery instead
2023-03-12 00:55:49.755 WARN [http-nio-8080-exec-5] [org.hibernate.internal.SessionImpl.createCriteria(SessionImpl.java:1782)] - HHH90000022: Hibernate's legacy org.hibernate.Criteria API is deprecated; use the JPA javax.persistence.criteria.CriteriaQuery instead
2023-03-12 01:02:25.151 WARN [http-nio-8080-exec-8] [org.hibernate.internal.SessionImpl.createCriteria(SessionImpl.java:1782)] - HHH90000022: Hibernate's legacy org.hibernate.Criteria API is deprecated; use the JPA javax.persistence.criteria.CriteriaQuery instead
2023-03-12 01:02:41.281 WARN [http-nio-8080-exec-1] [org.hibernate.internal.SessionImpl.createCriteria(SessionImpl.java:1782)] - HHH90000022: Hibernate's legacy org.hibernate.Criteria API is deprecated; use the JPA javax.persistence.criteria.CriteriaQuery instead
2023-03-12 01:04:30.055 WARN [http-nio-8080-exec-4] [org.hibernate.internal.SessionImpl.createCriteria(SessionImpl.java:1782)] - HHH90000022: Hibernate's legacy org.hibernate.Criteria API is deprecated; use the JPA javax.persistence.criteria.CriteriaQuery instead
2023-03-12 01:04:44.464 WARN [http-nio-8080-exec-7] [org.hibernate.internal.SessionImpl.createCriteria(SessionImpl.java:1782)] - HHH90000022: Hibernate's legacy org.hibernate.Criteria API is deprecated; use the JPA javax.persistence.criteria.CriteriaQuery instead
2023-03-12 01:06:35.121 WARN [http-nio-8080-exec-9] [org.hibernate.internal.SessionImpl.createCriteria(SessionImpl.java:1782)] - HHH90000022: Hibernate's legacy org.hibernate.Criteria API is deprecated; use the JPA javax.persistence.criteria.CriteriaQuery instead
2023-03-12 01:06:47.284 WARN [http-nio-8080-exec-2] [org.hibernate.internal.SessionImpl.createCriteria(SessionImpl.java:1782)] - HHH90000022: Hibernate's legacy org.hibernate.Criteria API is deprecated; use the JPA javax.persistence.criteria.CriteriaQuery instead
2023-03-12 01:06:59.603 ERROR [http-nio-8080-exec-7] [com.ssnk.dao.UserDaoImpl.findUserByUsername(UserDaoImpl.java:63)] - org.hibernate.HibernateException: Could not obtain transaction-synchronized Session for current thread
2023-03-12 01:07:00.063 INFO [http-nio-8080-exec-8] [com.ssnk.dao.CustomerTempDaoImpl.getAll(CustomerTempDaoImpl.java:57)] - Calling getAll Temp Customers...
2023-03-12 01:07:00.063 WARN [http-nio-8080-exec-8] [org.hibernate.internal.SessionImpl.createCriteria(SessionImpl.java:1782)] - HHH90000022: Hibernate's legacy org.hibernate.Criteria API is deprecated; use the JPA javax.persistence.criteria.CriteriaQuery instead
2023-03-12 01:07:08.148 WARN [http-nio-8080-exec-3] [org.hibernate.internal.SessionImpl.createCriteria(SessionImpl.java:1782)] - HHH90000022: Hibernate's legacy org.hibernate.Criteria API is deprecated; use the JPA javax.persistence.criteria.CriteriaQuery instead
2023-03-12 01:07:19.401 WARN [http-nio-8080-exec-5] [org.hibernate.internal.SessionImpl.createCriteria(SessionImpl.java:1782)] - HHH90000022: Hibernate's legacy org.hibernate.Criteria API is deprecated; use the JPA javax.persistence.criteria.CriteriaQuery instead
2023-03-12 01:08:26.052 INFO [main] [org.springframework.web.context.ContextLoader.initWebApplicationContext(ContextLoader.java:271)] - Root WebApplicationContext: initialization started
2023-03-12 01:08:28.461 INFO [main] [org.hibernate.Version.logVersion(Version.java:44)] - HHH000412: Hibernate ORM core version 5.4.13.Final
2023-03-12 01:08:28.806 INFO [main] [org.hibernate.annotations.common.reflection.java.JavaReflectionManager.<clinit>(JavaReflectionManager.java:49)] - HCANN000001: Hibernate Commons Annotations {5.1.0.Final}
2023-03-12 01:08:29.781 INFO [main] [org.hibernate.dialect.Dialect.<init>(Dialect.java:172)] - HHH000400: Using dialect: org.hibernate.dialect.MySQL8Dialect
2023-03-12 01:08:30.243 WARN [main] [org.hibernate.boot.internal.InFlightMetadataCollectorImpl.addIdentifierGenerator(InFlightMetadataCollectorImpl.java:498)] - HHH000069: Duplicate generator name sequence-generator
2023-03-12 01:08:31.488 INFO [main] [org.hibernate.engine.transaction.jta.platform.internal.JtaPlatformInitiator.initiateService(JtaPlatformInitiator.java:52)] - HHH000490: Using JtaPlatform implementation: [org.hibernate.engine.transaction.jta.platform.internal.NoJtaPlatform]
2023-03-12 01:08:32.744 INFO [main] [org.springframework.security.web.DefaultSecurityFilterChain.<init>(DefaultSecurityFilterChain.java:43)] - Creating filter chain: any request, [org.springframework.security.web.context.request.async.WebAsyncManagerIntegrationFilter@4642534a, org.springframework.security.web.context.SecurityContextPersistenceFilter@b4a2758, org.springframework.security.web.header.HeaderWriterFilter@3b5ab6fe, org.springframework.security.web.authentication.logout.LogoutFilter@4dcea0e0, org.springframework.security.web.authentication.UsernamePasswordAuthenticationFilter@6991e8bf, org.springframework.security.web.savedrequest.RequestCacheAwareFilter@50514648, org.springframework.security.web.servletapi.SecurityContextHolderAwareRequestFilter@45ac5ad1, org.springframework.security.web.authentication.AnonymousAuthenticationFilter@848f6dd, org.springframework.security.web.session.SessionManagementFilter@41fa9c41, org.springframework.security.web.access.ExceptionTranslationFilter@34910b0d, org.springframework.security.web.access.intercept.FilterSecurityInterceptor@3bda38b5]
2023-03-12 01:08:32.807 INFO [main] [org.springframework.web.context.ContextLoader.initWebApplicationContext(ContextLoader.java:307)] - Root WebApplicationContext initialized in 6746 ms
2023-03-12 01:08:32.844 INFO [main] [org.springframework.web.servlet.FrameworkServlet.initServletBean(FrameworkServlet.java:525)] - Initializing Servlet 'dispatcher'
2023-03-12 01:08:33.748 INFO [main] [org.hibernate.dialect.Dialect.<init>(Dialect.java:172)] - HHH000400: Using dialect: org.hibernate.dialect.MySQL8Dialect
2023-03-12 01:08:33.759 WARN [main] [org.hibernate.boot.internal.InFlightMetadataCollectorImpl.addIdentifierGenerator(InFlightMetadataCollectorImpl.java:498)] - HHH000069: Duplicate generator name sequence-generator
2023-03-12 01:08:33.897 INFO [main] [org.hibernate.engine.transaction.jta.platform.internal.JtaPlatformInitiator.initiateService(JtaPlatformInitiator.java:52)] - HHH000490: Using JtaPlatform implementation: [org.hibernate.engine.transaction.jta.platform.internal.NoJtaPlatform]
2023-03-12 01:08:33.938 INFO [main] [org.springframework.security.web.DefaultSecurityFilterChain.<init>(DefaultSecurityFilterChain.java:43)] - Creating filter chain: any request, [org.springframework.security.web.context.request.async.WebAsyncManagerIntegrationFilter@8e0ef56, org.springframework.security.web.context.SecurityContextPersistenceFilter@61611b1f, org.springframework.security.web.header.HeaderWriterFilter@206c2f1b, org.springframework.security.web.authentication.logout.LogoutFilter@409011a6, org.springframework.security.web.authentication.UsernamePasswordAuthenticationFilter@5b40216d, org.springframework.security.web.savedrequest.RequestCacheAwareFilter@7c0cc5d1, org.springframework.security.web.servletapi.SecurityContextHolderAwareRequestFilter@3dd939bc, org.springframework.security.web.authentication.AnonymousAuthenticationFilter@1c787cd2, org.springframework.security.web.session.SessionManagementFilter@39e5bd18, org.springframework.security.web.access.ExceptionTranslationFilter@ce23250, org.springframework.security.web.access.intercept.FilterSecurityInterceptor@515e4e7d]
2023-03-12 01:08:34.024 INFO [main] [org.springframework.web.servlet.FrameworkServlet.initServletBean(FrameworkServlet.java:547)] - Completed initialization in 1180 ms
2023-03-12 01:08:46.619 ERROR [http-nio-8080-exec-5] [com.ssnk.dao.UserDaoImpl.findUserByUsername(UserDaoImpl.java:63)] - org.hibernate.HibernateException: Could not obtain transaction-synchronized Session for current thread
2023-03-12 01:08:47.906 WARN [http-nio-8080-exec-6] [org.hibernate.internal.SessionImpl.createCriteria(SessionImpl.java:1782)] - HHH90000022: Hibernate's legacy org.hibernate.Criteria API is deprecated; use the JPA javax.persistence.criteria.CriteriaQuery instead
2023-03-12 01:08:58.303 WARN [http-nio-8080-exec-9] [org.hibernate.internal.SessionImpl.createCriteria(SessionImpl.java:1782)] - HHH90000022: Hibernate's legacy org.hibernate.Criteria API is deprecated; use the JPA javax.persistence.criteria.CriteriaQuery instead
2023-03-12 01:10:39.110 WARN [http-nio-8080-exec-2] [org.hibernate.internal.SessionImpl.createCriteria(SessionImpl.java:1782)] - HHH90000022: Hibernate's legacy org.hibernate.Criteria API is deprecated; use the JPA javax.persistence.criteria.CriteriaQuery instead
2023-03-12 01:11:30.235 WARN [http-nio-8080-exec-3] [org.hibernate.internal.SessionImpl.createCriteria(SessionImpl.java:1782)] - HHH90000022: Hibernate's legacy org.hibernate.Criteria API is deprecated; use the JPA javax.persistence.criteria.CriteriaQuery instead
2023-03-12 01:12:13.779 WARN [http-nio-8080-exec-6] [org.hibernate.internal.SessionImpl.createCriteria(SessionImpl.java:1782)] - HHH90000022: Hibernate's legacy org.hibernate.Criteria API is deprecated; use the JPA javax.persistence.criteria.CriteriaQuery instead
2023-03-12 01:12:48.070 WARN [http-nio-8080-exec-8] [org.hibernate.internal.SessionImpl.createCriteria(SessionImpl.java:1782)] - HHH90000022: Hibernate's legacy org.hibernate.Criteria API is deprecated; use the JPA javax.persistence.criteria.CriteriaQuery instead
2023-03-12 01:16:44.686 WARN [http-nio-8080-exec-10] [org.hibernate.internal.SessionImpl.createCriteria(SessionImpl.java:1782)] - HHH90000022: Hibernate's legacy org.hibernate.Criteria API is deprecated; use the JPA javax.persistence.criteria.CriteriaQuery instead
2023-03-12 01:17:13.777 WARN [http-nio-8080-exec-3] [org.hibernate.internal.SessionImpl.createCriteria(SessionImpl.java:1782)] - HHH90000022: Hibernate's legacy org.hibernate.Criteria API is deprecated; use the JPA javax.persistence.criteria.CriteriaQuery instead
2023-03-12 01:17:29.002 ERROR [http-nio-8080-exec-1] [com.ssnk.dao.UserDaoImpl.findUserByUsername(UserDaoImpl.java:63)] - org.hibernate.HibernateException: Could not obtain transaction-synchronized Session for current thread
2023-03-12 01:17:29.165 ERROR [http-nio-8080-exec-9] [com.ssnk.dao.UserDaoImpl.findUserByUsername(UserDaoImpl.java:63)] - org.hibernate.HibernateException: Could not obtain transaction-synchronized Session for current thread
2023-03-12 01:17:33.559 ERROR [http-nio-8080-exec-5] [com.ssnk.dao.UserDaoImpl.findUserByUsername(UserDaoImpl.java:63)] - org.hibernate.HibernateException: Could not obtain transaction-synchronized Session for current thread
2023-03-12 01:17:34.025 INFO [http-nio-8080-exec-7] [com.ssnk.dao.CustomerTempDaoImpl.getAll(CustomerTempDaoImpl.java:57)] - Calling getAll Temp Customers...
2023-03-12 01:17:34.027 WARN [http-nio-8080-exec-7] [org.hibernate.internal.SessionImpl.createCriteria(SessionImpl.java:1782)] - HHH90000022: Hibernate's legacy org.hibernate.Criteria API is deprecated; use the JPA javax.persistence.criteria.CriteriaQuery instead
2023-03-12 01:17:36.927 WARN [http-nio-8080-exec-8] [org.hibernate.internal.SessionImpl.createCriteria(SessionImpl.java:1782)] - HHH90000022: Hibernate's legacy org.hibernate.Criteria API is deprecated; use the JPA javax.persistence.criteria.CriteriaQuery instead
2023-03-12 01:17:46.662 ERROR [http-nio-8080-exec-2] [com.ssnk.dao.UserDaoImpl.findUserByUsername(UserDaoImpl.java:63)] - org.hibernate.HibernateException: Could not obtain transaction-synchronized Session for current thread
2023-03-12 01:17:47.118 INFO [http-nio-8080-exec-5] [com.ssnk.dao.CustomerTempDaoImpl.getAll(CustomerTempDaoImpl.java:57)] - Calling getAll Temp Customers...
2023-03-12 01:17:47.119 WARN [http-nio-8080-exec-5] [org.hibernate.internal.SessionImpl.createCriteria(SessionImpl.java:1782)] - HHH90000022: Hibernate's legacy org.hibernate.Criteria API is deprecated; use the JPA javax.persistence.criteria.CriteriaQuery instead
2023-03-12 01:17:53.328 WARN [http-nio-8080-exec-8] [org.hibernate.internal.SessionImpl.createCriteria(SessionImpl.java:1782)] - HHH90000022: Hibernate's legacy org.hibernate.Criteria API is deprecated; use the JPA javax.persistence.criteria.CriteriaQuery instead
2023-03-12 01:18:14.962 ERROR [http-nio-8080-exec-5] [com.ssnk.dao.UserDaoImpl.findUserByUsername(UserDaoImpl.java:63)] - org.hibernate.HibernateException: Could not obtain transaction-synchronized Session for current thread
2023-03-12 01:18:15.433 INFO [http-nio-8080-exec-6] [com.ssnk.dao.CustomerTempDaoImpl.getAll(CustomerTempDaoImpl.java:57)] - Calling getAll Temp Customers...
2023-03-12 01:18:15.435 WARN [http-nio-8080-exec-6] [org.hibernate.internal.SessionImpl.createCriteria(SessionImpl.java:1782)] - HHH90000022: Hibernate's legacy org.hibernate.Criteria API is deprecated; use the JPA javax.persistence.criteria.CriteriaQuery instead
2023-03-12 01:18:25.253 WARN [http-nio-8080-exec-1] [org.hibernate.internal.SessionImpl.createCriteria(SessionImpl.java:1782)] - HHH90000022: Hibernate's legacy org.hibernate.Criteria API is deprecated; use the JPA javax.persistence.criteria.CriteriaQuery instead
2023-03-12 01:19:46.505 WARN [http-nio-8080-exec-3] [org.hibernate.internal.SessionImpl.createCriteria(SessionImpl.java:1782)] - HHH90000022: Hibernate's legacy org.hibernate.Criteria API is deprecated; use the JPA javax.persistence.criteria.CriteriaQuery instead
2023-03-12 01:20:24.067 ERROR [http-nio-8080-exec-10] [com.ssnk.dao.UserDaoImpl.findUserByUsername(UserDaoImpl.java:63)] - org.hibernate.HibernateException: Could not obtain transaction-synchronized Session for current thread
2023-03-12 01:20:24.519 INFO [http-nio-8080-exec-4] [com.ssnk.dao.CustomerTempDaoImpl.getAll(CustomerTempDaoImpl.java:57)] - Calling getAll Temp Customers...
2023-03-12 01:20:24.520 WARN [http-nio-8080-exec-4] [org.hibernate.internal.SessionImpl.createCriteria(SessionImpl.java:1782)] - HHH90000022: Hibernate's legacy org.hibernate.Criteria API is deprecated; use the JPA javax.persistence.criteria.CriteriaQuery instead
2023-03-12 01:20:30.435 WARN [http-nio-8080-exec-5] [org.hibernate.internal.SessionImpl.createCriteria(SessionImpl.java:1782)] - HHH90000022: Hibernate's legacy org.hibernate.Criteria API is deprecated; use the JPA javax.persistence.criteria.CriteriaQuery instead
2023-03-12 01:22:30.238 INFO [main] [org.springframework.web.context.ContextLoader.initWebApplicationContext(ContextLoader.java:271)] - Root WebApplicationContext: initialization started
2023-03-12 01:22:32.587 INFO [main] [org.hibernate.Version.logVersion(Version.java:44)] - HHH000412: Hibernate ORM core version 5.4.13.Final
2023-03-12 01:22:32.918 INFO [main] [org.hibernate.annotations.common.reflection.java.JavaReflectionManager.<clinit>(JavaReflectionManager.java:49)] - HCANN000001: Hibernate Commons Annotations {5.1.0.Final}
2023-03-12 01:22:33.649 INFO [main] [org.hibernate.dialect.Dialect.<init>(Dialect.java:172)] - HHH000400: Using dialect: org.hibernate.dialect.MySQL8Dialect
2023-03-12 01:22:34.036 WARN [main] [org.hibernate.boot.internal.InFlightMetadataCollectorImpl.addIdentifierGenerator(InFlightMetadataCollectorImpl.java:498)] - HHH000069: Duplicate generator name sequence-generator
2023-03-12 01:22:35.223 INFO [main] [org.hibernate.engine.transaction.jta.platform.internal.JtaPlatformInitiator.initiateService(JtaPlatformInitiator.java:52)] - HHH000490: Using JtaPlatform implementation: [org.hibernate.engine.transaction.jta.platform.internal.NoJtaPlatform]
2023-03-12 01:22:36.357 INFO [main] [org.springframework.security.web.DefaultSecurityFilterChain.<init>(DefaultSecurityFilterChain.java:43)] - Creating filter chain: any request, [org.springframework.security.web.context.request.async.WebAsyncManagerIntegrationFilter@3ecae84c, org.springframework.security.web.context.SecurityContextPersistenceFilter@27cd355a, org.springframework.security.web.header.HeaderWriterFilter@79c1233c, org.springframework.security.web.authentication.logout.LogoutFilter@55582345, org.springframework.security.web.authentication.UsernamePasswordAuthenticationFilter@38abd486, org.springframework.security.web.savedrequest.RequestCacheAwareFilter@6da5a213, org.springframework.security.web.servletapi.SecurityContextHolderAwareRequestFilter@4dcea0e0, org.springframework.security.web.authentication.AnonymousAuthenticationFilter@56211d6b, org.springframework.security.web.session.SessionManagementFilter@18d0c042, org.springframework.security.web.access.ExceptionTranslationFilter@2399575a, org.springframework.security.web.access.intercept.FilterSecurityInterceptor@8ad99cd]
2023-03-12 01:22:36.410 INFO [main] [org.springframework.web.context.ContextLoader.initWebApplicationContext(ContextLoader.java:307)] - Root WebApplicationContext initialized in 6161 ms
2023-03-12 01:22:36.437 INFO [main] [org.springframework.web.servlet.FrameworkServlet.initServletBean(FrameworkServlet.java:525)] - Initializing Servlet 'dispatcher'
2023-03-12 01:22:37.342 INFO [main] [org.hibernate.dialect.Dialect.<init>(Dialect.java:172)] - HHH000400: Using dialect: org.hibernate.dialect.MySQL8Dialect
2023-03-12 01:22:37.355 WARN [main] [org.hibernate.boot.internal.InFlightMetadataCollectorImpl.addIdentifierGenerator(InFlightMetadataCollectorImpl.java:498)] - HHH000069: Duplicate generator name sequence-generator
2023-03-12 01:22:37.509 INFO [main] [org.hibernate.engine.transaction.jta.platform.internal.JtaPlatformInitiator.initiateService(JtaPlatformInitiator.java:52)] - HHH000490: Using JtaPlatform implementation: [org.hibernate.engine.transaction.jta.platform.internal.NoJtaPlatform]
2023-03-12 01:22:37.548 INFO [main] [org.springframework.security.web.DefaultSecurityFilterChain.<init>(DefaultSecurityFilterChain.java:43)] - Creating filter chain: any request, [org.springframework.security.web.context.request.async.WebAsyncManagerIntegrationFilter@2be284d6, org.springframework.security.web.context.SecurityContextPersistenceFilter@6cb9dce7, org.springframework.security.web.header.HeaderWriterFilter@6cf1cd4b, org.springframework.security.web.authentication.logout.LogoutFilter@717cae06, org.springframework.security.web.authentication.UsernamePasswordAuthenticationFilter@2ce14e20, org.springframework.security.web.savedrequest.RequestCacheAwareFilter@19672cb8, org.springframework.security.web.servletapi.SecurityContextHolderAwareRequestFilter@7b1e214a, org.springframework.security.web.authentication.AnonymousAuthenticationFilter@1585e32, org.springframework.security.web.session.SessionManagementFilter@2a8046da, org.springframework.security.web.access.ExceptionTranslationFilter@289bb60e, org.springframework.security.web.access.intercept.FilterSecurityInterceptor@1539f6d8]
2023-03-12 01:22:37.629 INFO [main] [org.springframework.web.servlet.FrameworkServlet.initServletBean(FrameworkServlet.java:547)] - Completed initialization in 1192 ms
2023-03-12 01:23:26.542 INFO [main] [org.springframework.web.context.ContextLoader.initWebApplicationContext(ContextLoader.java:271)] - Root WebApplicationContext: initialization started
2023-03-12 01:23:28.757 INFO [main] [org.hibernate.Version.logVersion(Version.java:44)] - HHH000412: Hibernate ORM core version 5.4.13.Final
2023-03-12 01:23:29.073 INFO [main] [org.hibernate.annotations.common.reflection.java.JavaReflectionManager.<clinit>(JavaReflectionManager.java:49)] - HCANN000001: Hibernate Commons Annotations {5.1.0.Final}
2023-03-12 01:23:29.830 INFO [main] [org.hibernate.dialect.Dialect.<init>(Dialect.java:172)] - HHH000400: Using dialect: org.hibernate.dialect.MySQL8Dialect
2023-03-12 01:23:30.223 WARN [main] [org.hibernate.boot.internal.InFlightMetadataCollectorImpl.addIdentifierGenerator(InFlightMetadataCollectorImpl.java:498)] - HHH000069: Duplicate generator name sequence-generator
2023-03-12 01:23:31.358 INFO [main] [org.hibernate.engine.transaction.jta.platform.internal.JtaPlatformInitiator.initiateService(JtaPlatformInitiator.java:52)] - HHH000490: Using JtaPlatform implementation: [org.hibernate.engine.transaction.jta.platform.internal.NoJtaPlatform]
2023-03-12 01:23:32.524 INFO [main] [org.springframework.security.web.DefaultSecurityFilterChain.<init>(DefaultSecurityFilterChain.java:43)] - Creating filter chain: any request, [org.springframework.security.web.context.request.async.WebAsyncManagerIntegrationFilter@7fdd676e, org.springframework.security.web.context.SecurityContextPersistenceFilter@6f4dd65d, org.springframework.security.web.header.HeaderWriterFilter@a357bc4, org.springframework.security.web.authentication.logout.LogoutFilter@66ab002e, org.springframework.security.web.authentication.UsernamePasswordAuthenticationFilter@18e20fa8, org.springframework.security.web.savedrequest.RequestCacheAwareFilter@212cecfa, org.springframework.security.web.servletapi.SecurityContextHolderAwareRequestFilter@328defdf, org.springframework.security.web.authentication.AnonymousAuthenticationFilter@156ae5ac, org.springframework.security.web.session.SessionManagementFilter@788bebee, org.springframework.security.web.access.ExceptionTranslationFilter@4dcea0e0, org.springframework.security.web.access.intercept.FilterSecurityInterceptor@57b5b4b0]
2023-03-12 01:23:32.576 INFO [main] [org.springframework.web.context.ContextLoader.initWebApplicationContext(ContextLoader.java:307)] - Root WebApplicationContext initialized in 6023 ms
2023-03-12 01:23:32.602 INFO [main] [org.springframework.web.servlet.FrameworkServlet.initServletBean(FrameworkServlet.java:525)] - Initializing Servlet 'dispatcher'
2023-03-12 01:23:33.505 INFO [main] [org.hibernate.dialect.Dialect.<init>(Dialect.java:172)] - HHH000400: Using dialect: org.hibernate.dialect.MySQL8Dialect
2023-03-12 01:23:33.521 WARN [main] [org.hibernate.boot.internal.InFlightMetadataCollectorImpl.addIdentifierGenerator(InFlightMetadataCollectorImpl.java:498)] - HHH000069: Duplicate generator name sequence-generator
2023-03-12 01:23:33.647 INFO [main] [org.hibernate.engine.transaction.jta.platform.internal.JtaPlatformInitiator.initiateService(JtaPlatformInitiator.java:52)] - HHH000490: Using JtaPlatform implementation: [org.hibernate.engine.transaction.jta.platform.internal.NoJtaPlatform]
2023-03-12 01:23:33.691 INFO [main] [org.springframework.security.web.DefaultSecurityFilterChain.<init>(DefaultSecurityFilterChain.java:43)] - Creating filter chain: any request, [org.springframework.security.web.context.request.async.WebAsyncManagerIntegrationFilter@1e69772a, org.springframework.security.web.context.SecurityContextPersistenceFilter@2ce14e20, org.springframework.security.web.header.HeaderWriterFilter@7d2ae747, org.springframework.security.web.authentication.logout.LogoutFilter@7d3b22f8, org.springframework.security.web.authentication.UsernamePasswordAuthenticationFilter@5ad6e5ac, org.springframework.security.web.savedrequest.RequestCacheAwareFilter@2be284d6, org.springframework.security.web.servletapi.SecurityContextHolderAwareRequestFilter@1585e32, org.springframework.security.web.authentication.AnonymousAuthenticationFilter@71b09857, org.springframework.security.web.session.SessionManagementFilter@1539f6d8, org.springframework.security.web.access.ExceptionTranslationFilter@4d9953b1, org.springframework.security.web.access.intercept.FilterSecurityInterceptor@2c72699a]
2023-03-12 01:23:33.780 INFO [main] [org.springframework.web.servlet.FrameworkServlet.initServletBean(FrameworkServlet.java:547)] - Completed initialization in 1178 ms
2023-03-12 01:23:46.164 ERROR [http-nio-8080-exec-5] [com.ssnk.dao.UserDaoImpl.findUserByUsername(UserDaoImpl.java:63)] - org.hibernate.HibernateException: Could not obtain transaction-synchronized Session for current thread
2023-03-12 01:23:47.359 WARN [http-nio-8080-exec-6] [org.hibernate.internal.SessionImpl.createCriteria(SessionImpl.java:1782)] - HHH90000022: Hibernate's legacy org.hibernate.Criteria API is deprecated; use the JPA javax.persistence.criteria.CriteriaQuery instead
2023-03-12 01:24:42.721 ERROR [http-nio-8080-exec-1] [com.ssnk.dao.UserDaoImpl.findUserByUsername(UserDaoImpl.java:63)] - org.hibernate.HibernateException: Could not obtain transaction-synchronized Session for current thread
2023-03-12 01:24:43.207 INFO [http-nio-8080-exec-3] [com.ssnk.dao.CustomerTempDaoImpl.getAll(CustomerTempDaoImpl.java:57)] - Calling getAll Temp Customers...
2023-03-12 01:24:43.207 WARN [http-nio-8080-exec-3] [org.hibernate.internal.SessionImpl.createCriteria(SessionImpl.java:1782)] - HHH90000022: Hibernate's legacy org.hibernate.Criteria API is deprecated; use the JPA javax.persistence.criteria.CriteriaQuery instead
2023-03-12 01:24:47.026 WARN [http-nio-8080-exec-7] [org.hibernate.internal.SessionImpl.createCriteria(SessionImpl.java:1782)] - HHH90000022: Hibernate's legacy org.hibernate.Criteria API is deprecated; use the JPA javax.persistence.criteria.CriteriaQuery instead
2023-03-12 08:24:18.760 ERROR [http-nio-8080-exec-3] [com.ssnk.dao.UserDaoImpl.findUserByUsername(UserDaoImpl.java:63)] - org.hibernate.HibernateException: Could not obtain transaction-synchronized Session for current thread
2023-03-12 08:24:19.093 INFO [http-nio-8080-exec-5] [com.ssnk.dao.CustomerTempDaoImpl.getAll(CustomerTempDaoImpl.java:57)] - Calling getAll Temp Customers...
2023-03-12 08:24:19.093 WARN [http-nio-8080-exec-5] [org.hibernate.internal.SessionImpl.createCriteria(SessionImpl.java:1782)] - HHH90000022: Hibernate's legacy org.hibernate.Criteria API is deprecated; use the JPA javax.persistence.criteria.CriteriaQuery instead
2023-03-12 08:24:21.937 WARN [http-nio-8080-exec-8] [org.hibernate.internal.SessionImpl.createCriteria(SessionImpl.java:1782)] - HHH90000022: Hibernate's legacy org.hibernate.Criteria API is deprecated; use the JPA javax.persistence.criteria.CriteriaQuery instead
2023-03-12 08:24:58.425 WARN [http-nio-8080-exec-1] [org.hibernate.internal.SessionImpl.createCriteria(SessionImpl.java:1782)] - HHH90000022: Hibernate's legacy org.hibernate.Criteria API is deprecated; use the JPA javax.persistence.criteria.CriteriaQuery instead
2023-03-12 08:26:00.545 ERROR [http-nio-8080-exec-8] [com.ssnk.dao.UserDaoImpl.findUserByUsername(UserDaoImpl.java:63)] - org.hibernate.HibernateException: Could not obtain transaction-synchronized Session for current thread
2023-03-12 08:30:48.173 INFO [http-nio-8080-exec-2] [com.ssnk.dao.CustomerTempDaoImpl.getAll(CustomerTempDaoImpl.java:57)] - Calling getAll Temp Customers...
2023-03-12 08:30:48.173 WARN [http-nio-8080-exec-2] [org.hibernate.internal.SessionImpl.createCriteria(SessionImpl.java:1782)] - HHH90000022: Hibernate's legacy org.hibernate.Criteria API is deprecated; use the JPA javax.persistence.criteria.CriteriaQuery instead
2023-03-12 08:35:27.208 INFO [main] [org.springframework.web.context.ContextLoader.initWebApplicationContext(ContextLoader.java:271)] - Root WebApplicationContext: initialization started
2023-03-12 08:35:29.756 INFO [main] [org.hibernate.Version.logVersion(Version.java:44)] - HHH000412: Hibernate ORM core version 5.4.13.Final
2023-03-12 08:35:30.130 INFO [main] [org.hibernate.annotations.common.reflection.java.JavaReflectionManager.<clinit>(JavaReflectionManager.java:49)] - HCANN000001: Hibernate Commons Annotations {5.1.0.Final}
2023-03-12 08:35:31.107 INFO [main] [org.hibernate.dialect.Dialect.<init>(Dialect.java:172)] - HHH000400: Using dialect: org.hibernate.dialect.MySQL8Dialect
2023-03-12 08:35:31.530 WARN [main] [org.hibernate.boot.internal.InFlightMetadataCollectorImpl.addIdentifierGenerator(InFlightMetadataCollectorImpl.java:498)] - HHH000069: Duplicate generator name sequence-generator
2023-03-12 08:35:32.760 INFO [main] [org.hibernate.engine.transaction.jta.platform.internal.JtaPlatformInitiator.initiateService(JtaPlatformInitiator.java:52)] - HHH000490: Using JtaPlatform implementation: [org.hibernate.engine.transaction.jta.platform.internal.NoJtaPlatform]
2023-03-12 08:35:34.052 INFO [main] [org.springframework.security.web.DefaultSecurityFilterChain.<init>(DefaultSecurityFilterChain.java:43)] - Creating filter chain: any request, [org.springframework.security.web.context.request.async.WebAsyncManagerIntegrationFilter@b4a2758, org.springframework.security.web.context.SecurityContextPersistenceFilter@d725e10, org.springframework.security.web.header.HeaderWriterFilter@fed54a6, org.springframework.security.web.authentication.logout.LogoutFilter@4c585987, org.springframework.security.web.authentication.UsernamePasswordAuthenticationFilter@7461712c, org.springframework.security.web.savedrequest.RequestCacheAwareFilter@284e134c, org.springframework.security.web.servletapi.SecurityContextHolderAwareRequestFilter@2fe6a375, org.springframework.security.web.authentication.AnonymousAuthenticationFilter@455cd236, org.springframework.security.web.session.SessionManagementFilter@6fa23374, org.springframework.security.web.access.ExceptionTranslationFilter@10b34165, org.springframework.security.web.access.intercept.FilterSecurityInterceptor@d30d6cd]
2023-03-12 08:35:34.112 INFO [main] [org.springframework.web.context.ContextLoader.initWebApplicationContext(ContextLoader.java:307)] - Root WebApplicationContext initialized in 6891 ms
2023-03-12 08:35:34.141 INFO [main] [org.springframework.web.servlet.FrameworkServlet.initServletBean(FrameworkServlet.java:525)] - Initializing Servlet 'dispatcher'
2023-03-12 08:35:35.036 INFO [main] [org.hibernate.dialect.Dialect.<init>(Dialect.java:172)] - HHH000400: Using dialect: org.hibernate.dialect.MySQL8Dialect
2023-03-12 08:35:35.047 WARN [main] [org.hibernate.boot.internal.InFlightMetadataCollectorImpl.addIdentifierGenerator(InFlightMetadataCollectorImpl.java:498)] - HHH000069: Duplicate generator name sequence-generator
2023-03-12 08:35:35.182 INFO [main] [org.hibernate.engine.transaction.jta.platform.internal.JtaPlatformInitiator.initiateService(JtaPlatformInitiator.java:52)] - HHH000490: Using JtaPlatform implementation: [org.hibernate.engine.transaction.jta.platform.internal.NoJtaPlatform]
2023-03-12 08:35:35.225 INFO [main] [org.springframework.security.web.DefaultSecurityFilterChain.<init>(DefaultSecurityFilterChain.java:43)] - Creating filter chain: any request, [org.springframework.security.web.context.request.async.WebAsyncManagerIntegrationFilter@601c5859, org.springframework.security.web.context.SecurityContextPersistenceFilter@24639c85, org.springframework.security.web.header.HeaderWriterFilter@1421e0d4, org.springframework.security.web.authentication.logout.LogoutFilter@5193456e, org.springframework.security.web.authentication.UsernamePasswordAuthenticationFilter@23e56d45, org.springframework.security.web.savedrequest.RequestCacheAwareFilter@3b829217, org.springframework.security.web.servletapi.SecurityContextHolderAwareRequestFilter@203ef2f3, org.springframework.security.web.authentication.AnonymousAuthenticationFilter@654cee65, org.springframework.security.web.session.SessionManagementFilter@216d16c8, org.springframework.security.web.access.ExceptionTranslationFilter@72ddb47a, org.springframework.security.web.access.intercept.FilterSecurityInterceptor@43e6977a]
2023-03-12 08:35:35.309 INFO [main] [org.springframework.web.servlet.FrameworkServlet.initServletBean(FrameworkServlet.java:547)] - Completed initialization in 1167 ms
2023-03-12 08:35:45.952 ERROR [http-nio-8080-exec-3] [com.ssnk.dao.UserDaoImpl.findUserByUsername(UserDaoImpl.java:63)] - org.hibernate.HibernateException: Could not obtain transaction-synchronized Session for current thread
2023-03-12 08:36:59.135 INFO [main] [org.springframework.web.context.ContextLoader.initWebApplicationContext(ContextLoader.java:271)] - Root WebApplicationContext: initialization started
2023-03-12 08:37:01.897 INFO [main] [org.hibernate.Version.logVersion(Version.java:44)] - HHH000412: Hibernate ORM core version 5.4.13.Final
2023-03-12 08:37:02.244 INFO [main] [org.hibernate.annotations.common.reflection.java.JavaReflectionManager.<clinit>(JavaReflectionManager.java:49)] - HCANN000001: Hibernate Commons Annotations {5.1.0.Final}
2023-03-12 08:37:02.958 INFO [main] [org.hibernate.dialect.Dialect.<init>(Dialect.java:172)] - HHH000400: Using dialect: org.hibernate.dialect.MySQL8Dialect
2023-03-12 08:37:03.315 WARN [main] [org.hibernate.boot.internal.InFlightMetadataCollectorImpl.addIdentifierGenerator(InFlightMetadataCollectorImpl.java:498)] - HHH000069: Duplicate generator name sequence-generator
2023-03-12 08:37:04.439 INFO [main] [org.hibernate.engine.transaction.jta.platform.internal.JtaPlatformInitiator.initiateService(JtaPlatformInitiator.java:52)] - HHH000490: Using JtaPlatform implementation: [org.hibernate.engine.transaction.jta.platform.internal.NoJtaPlatform]
2023-03-12 08:37:05.576 INFO [main] [org.springframework.security.web.DefaultSecurityFilterChain.<init>(DefaultSecurityFilterChain.java:43)] - Creating filter chain: any request, [org.springframework.security.web.context.request.async.WebAsyncManagerIntegrationFilter@200dd936, org.springframework.security.web.context.SecurityContextPersistenceFilter@2a19df5a, org.springframework.security.web.header.HeaderWriterFilter@2ad8aeb5, org.springframework.security.web.authentication.logout.LogoutFilter@5db504ce, org.springframework.security.web.authentication.UsernamePasswordAuthenticationFilter@70fce245, org.springframework.security.web.savedrequest.RequestCacheAwareFilter@3b5ab6fe, org.springframework.security.web.servletapi.SecurityContextHolderAwareRequestFilter@2399575a, org.springframework.security.web.authentication.AnonymousAuthenticationFilter@4cb98b82, org.springframework.security.web.session.SessionManagementFilter@4894d5ce, org.springframework.security.web.access.ExceptionTranslationFilter@29528773, org.springframework.security.web.access.intercept.FilterSecurityInterceptor@26ffaf39]
2023-03-12 08:37:05.629 INFO [main] [org.springframework.web.context.ContextLoader.initWebApplicationContext(ContextLoader.java:307)] - Root WebApplicationContext initialized in 6482 ms
2023-03-12 08:37:05.653 INFO [main] [org.springframework.web.servlet.FrameworkServlet.initServletBean(FrameworkServlet.java:525)] - Initializing Servlet 'dispatcher'
2023-03-12 08:37:06.585 INFO [main] [org.hibernate.dialect.Dialect.<init>(Dialect.java:172)] - HHH000400: Using dialect: org.hibernate.dialect.MySQL8Dialect
2023-03-12 08:37:06.599 WARN [main] [org.hibernate.boot.internal.InFlightMetadataCollectorImpl.addIdentifierGenerator(InFlightMetadataCollectorImpl.java:498)] - HHH000069: Duplicate generator name sequence-generator
2023-03-12 08:37:06.740 INFO [main] [org.hibernate.engine.transaction.jta.platform.internal.JtaPlatformInitiator.initiateService(JtaPlatformInitiator.java:52)] - HHH000490: Using JtaPlatform implementation: [org.hibernate.engine.transaction.jta.platform.internal.NoJtaPlatform]
2023-03-12 08:37:06.787 INFO [main] [org.springframework.security.web.DefaultSecurityFilterChain.<init>(DefaultSecurityFilterChain.java:43)] - Creating filter chain: any request, [org.springframework.security.web.context.request.async.WebAsyncManagerIntegrationFilter@717cae06, org.springframework.security.web.context.SecurityContextPersistenceFilter@ce23250, org.springframework.security.web.header.HeaderWriterFilter@3ba45698, org.springframework.security.web.authentication.logout.LogoutFilter@7c0cc5d1, org.springframework.security.web.authentication.UsernamePasswordAuthenticationFilter@53001e65, org.springframework.security.web.savedrequest.RequestCacheAwareFilter@206c2f1b, org.springframework.security.web.servletapi.SecurityContextHolderAwareRequestFilter@39e5bd18, org.springframework.security.web.authentication.AnonymousAuthenticationFilter@515e4e7d, org.springframework.security.web.session.SessionManagementFilter@4e32cdc6, org.springframework.security.web.access.ExceptionTranslationFilter@79576e9, org.springframework.security.web.access.intercept.FilterSecurityInterceptor@7b1e214a]
2023-03-12 08:37:06.862 INFO [main] [org.springframework.web.servlet.FrameworkServlet.initServletBean(FrameworkServlet.java:547)] - Completed initialization in 1209 ms
2023-03-12 08:37:21.072 ERROR [http-nio-8080-exec-1] [com.ssnk.dao.UserDaoImpl.findUserByUsername(UserDaoImpl.java:63)] - org.hibernate.HibernateException: Could not obtain transaction-synchronized Session for current thread
2023-03-12 08:37:57.648 INFO [main] [org.springframework.web.context.ContextLoader.initWebApplicationContext(ContextLoader.java:271)] - Root WebApplicationContext: initialization started
2023-03-12 08:38:00.327 INFO [main] [org.hibernate.Version.logVersion(Version.java:44)] - HHH000412: Hibernate ORM core version 5.4.13.Final
2023-03-12 08:38:00.647 INFO [main] [org.hibernate.annotations.common.reflection.java.JavaReflectionManager.<clinit>(JavaReflectionManager.java:49)] - HCANN000001: Hibernate Commons Annotations {5.1.0.Final}
2023-03-12 08:38:01.379 INFO [main] [org.hibernate.dialect.Dialect.<init>(Dialect.java:172)] - HHH000400: Using dialect: org.hibernate.dialect.MySQL8Dialect
2023-03-12 08:38:01.769 WARN [main] [org.hibernate.boot.internal.InFlightMetadataCollectorImpl.addIdentifierGenerator(InFlightMetadataCollectorImpl.java:498)] - HHH000069: Duplicate generator name sequence-generator
2023-03-12 08:38:02.950 INFO [main] [org.hibernate.engine.transaction.jta.platform.internal.JtaPlatformInitiator.initiateService(JtaPlatformInitiator.java:52)] - HHH000490: Using JtaPlatform implementation: [org.hibernate.engine.transaction.jta.platform.internal.NoJtaPlatform]
2023-03-12 08:38:04.169 INFO [main] [org.springframework.security.web.DefaultSecurityFilterChain.<init>(DefaultSecurityFilterChain.java:43)] - Creating filter chain: any request, [org.springframework.security.web.context.request.async.WebAsyncManagerIntegrationFilter@2d8892f5, org.springframework.security.web.context.SecurityContextPersistenceFilter@7eca07bd, org.springframework.security.web.header.HeaderWriterFilter@7dd24a05, org.springframework.security.web.authentication.logout.LogoutFilter@2ad8aeb5, org.springframework.security.web.authentication.UsernamePasswordAuthenticationFilter@2d9c1b93, org.springframework.security.web.savedrequest.RequestCacheAwareFilter@bddfcff, org.springframework.security.web.servletapi.SecurityContextHolderAwareRequestFilter@2b7c52e0, org.springframework.security.web.authentication.AnonymousAuthenticationFilter@23d8de33, org.springframework.security.web.session.SessionManagementFilter@4c7b06f7, org.springframework.security.web.access.ExceptionTranslationFilter@399b0d80, org.springframework.security.web.access.intercept.FilterSecurityInterceptor@8020711]
2023-03-12 08:38:04.221 INFO [main] [org.springframework.web.context.ContextLoader.initWebApplicationContext(ContextLoader.java:307)] - Root WebApplicationContext initialized in 6561 ms
2023-03-12 08:38:04.258 INFO [main] [org.springframework.web.servlet.FrameworkServlet.initServletBean(FrameworkServlet.java:525)] - Initializing Servlet 'dispatcher'
2023-03-12 08:38:05.169 INFO [main] [org.hibernate.dialect.Dialect.<init>(Dialect.java:172)] - HHH000400: Using dialect: org.hibernate.dialect.MySQL8Dialect
2023-03-12 08:38:05.180 WARN [main] [org.hibernate.boot.internal.InFlightMetadataCollectorImpl.addIdentifierGenerator(InFlightMetadataCollectorImpl.java:498)] - HHH000069: Duplicate generator name sequence-generator
2023-03-12 08:38:05.320 INFO [main] [org.hibernate.engine.transaction.jta.platform.internal.JtaPlatformInitiator.initiateService(JtaPlatformInitiator.java:52)] - HHH000490: Using JtaPlatform implementation: [org.hibernate.engine.transaction.jta.platform.internal.NoJtaPlatform]
2023-03-12 08:38:05.364 INFO [main] [org.springframework.security.web.DefaultSecurityFilterChain.<init>(DefaultSecurityFilterChain.java:43)] - Creating filter chain: any request, [org.springframework.security.web.context.request.async.WebAsyncManagerIntegrationFilter@354322c0, org.springframework.security.web.context.SecurityContextPersistenceFilter@70f96d97, org.springframework.security.web.header.HeaderWriterFilter@bf2c325, org.springframework.security.web.authentication.logout.LogoutFilter@15a9381, org.springframework.security.web.authentication.UsernamePasswordAuthenticationFilter@3e8d4c14, org.springframework.security.web.savedrequest.RequestCacheAwareFilter@7c7d57c, org.springframework.security.web.servletapi.SecurityContextHolderAwareRequestFilter@1ab1c54a, org.springframework.security.web.authentication.AnonymousAuthenticationFilter@1b00116, org.springframework.security.web.session.SessionManagementFilter@765ac7f6, org.springframework.security.web.access.ExceptionTranslationFilter@7ef1371b, org.springframework.security.web.access.intercept.FilterSecurityInterceptor@2cc9e7d4]
2023-03-12 08:38:05.455 INFO [main] [org.springframework.web.servlet.FrameworkServlet.initServletBean(FrameworkServlet.java:547)] - Completed initialization in 1197 ms
2023-03-12 08:38:15.635 ERROR [http-nio-8080-exec-5] [com.ssnk.dao.UserDaoImpl.findUserByUsername(UserDaoImpl.java:63)] - org.hibernate.HibernateException: Could not obtain transaction-synchronized Session for current thread
2023-03-12 08:38:32.289 INFO [http-nio-8080-exec-8] [com.ssnk.dao.CustomerTempDaoImpl.getAll(CustomerTempDaoImpl.java:57)] - Calling getAll Temp Customers...
2023-03-12 08:38:32.313 WARN [http-nio-8080-exec-8] [org.hibernate.internal.SessionImpl.createCriteria(SessionImpl.java:1782)] - HHH90000022: Hibernate's legacy org.hibernate.Criteria API is deprecated; use the JPA javax.persistence.criteria.CriteriaQuery instead
2023-03-12 08:38:37.767 WARN [http-nio-8080-exec-9] [org.hibernate.internal.SessionImpl.createCriteria(SessionImpl.java:1782)] - HHH90000022: Hibernate's legacy org.hibernate.Criteria API is deprecated; use the JPA javax.persistence.criteria.CriteriaQuery instead
2023-03-12 08:39:04.795 ERROR [http-nio-8080-exec-6] [com.ssnk.dao.UserDaoImpl.findUserByUsername(UserDaoImpl.java:63)] - org.hibernate.HibernateException: Could not obtain transaction-synchronized Session for current thread
2023-03-12 08:39:13.740 INFO [http-nio-8080-exec-8] [com.ssnk.dao.CustomerTempDaoImpl.getAll(CustomerTempDaoImpl.java:57)] - Calling getAll Temp Customers...
2023-03-12 08:39:13.741 WARN [http-nio-8080-exec-8] [org.hibernate.internal.SessionImpl.createCriteria(SessionImpl.java:1782)] - HHH90000022: Hibernate's legacy org.hibernate.Criteria API is deprecated; use the JPA javax.persistence.criteria.CriteriaQuery instead
2023-03-12 08:39:16.526 WARN [http-nio-8080-exec-10] [org.hibernate.internal.SessionImpl.createCriteria(SessionImpl.java:1782)] - HHH90000022: Hibernate's legacy org.hibernate.Criteria API is deprecated; use the JPA javax.persistence.criteria.CriteriaQuery instead
2023-03-12 08:40:36.724 WARN [http-nio-8080-exec-2] [org.hibernate.internal.SessionImpl.createCriteria(SessionImpl.java:1782)] - HHH90000022: Hibernate's legacy org.hibernate.Criteria API is deprecated; use the JPA javax.persistence.criteria.CriteriaQuery instead
2023-03-12 10:15:37.423 ERROR [http-nio-8080-exec-7] [com.ssnk.dao.UserDaoImpl.findUserByUsername(UserDaoImpl.java:63)] - org.hibernate.HibernateException: Could not obtain transaction-synchronized Session for current thread
2023-03-12 10:15:47.743 WARN [http-nio-8080-exec-8] [org.hibernate.internal.SessionImpl.createCriteria(SessionImpl.java:1782)] - HHH90000022: Hibernate's legacy org.hibernate.Criteria API is deprecated; use the JPA javax.persistence.criteria.CriteriaQuery instead
2023-03-12 10:16:24.665 ERROR [http-nio-8080-exec-5] [com.ssnk.dao.UserDaoImpl.findUserByUsername(UserDaoImpl.java:63)] - org.hibernate.HibernateException: Could not obtain transaction-synchronized Session for current thread
2023-03-12 10:16:25.136 INFO [http-nio-8080-exec-7] [com.ssnk.dao.CustomerTempDaoImpl.getAll(CustomerTempDaoImpl.java:57)] - Calling getAll Temp Customers...
2023-03-12 10:16:25.136 WARN [http-nio-8080-exec-7] [org.hibernate.internal.SessionImpl.createCriteria(SessionImpl.java:1782)] - HHH90000022: Hibernate's legacy org.hibernate.Criteria API is deprecated; use the JPA javax.persistence.criteria.CriteriaQuery instead
2023-03-12 10:16:36.198 WARN [http-nio-8080-exec-1] [org.hibernate.internal.SessionImpl.createCriteria(SessionImpl.java:1782)] - HHH90000022: Hibernate's legacy org.hibernate.Criteria API is deprecated; use the JPA javax.persistence.criteria.CriteriaQuery instead
2023-03-12 10:16:50.129 WARN [http-nio-8080-exec-4] [org.hibernate.internal.SessionImpl.createCriteria(SessionImpl.java:1782)] - HHH90000022: Hibernate's legacy org.hibernate.Criteria API is deprecated; use the JPA javax.persistence.criteria.CriteriaQuery instead
2023-03-12 10:17:01.492 ERROR [http-nio-8080-exec-10] [com.ssnk.dao.UserDaoImpl.findUserByUsername(UserDaoImpl.java:63)] - org.hibernate.HibernateException: Could not obtain transaction-synchronized Session for current thread
2023-03-12 10:17:01.944 INFO [http-nio-8080-exec-1] [com.ssnk.dao.CustomerTempDaoImpl.getAll(CustomerTempDaoImpl.java:57)] - Calling getAll Temp Customers...
2023-03-12 10:17:01.945 WARN [http-nio-8080-exec-1] [org.hibernate.internal.SessionImpl.createCriteria(SessionImpl.java:1782)] - HHH90000022: Hibernate's legacy org.hibernate.Criteria API is deprecated; use the JPA javax.persistence.criteria.CriteriaQuery instead
2023-03-12 10:17:10.231 WARN [http-nio-8080-exec-4] [org.hibernate.internal.SessionImpl.createCriteria(SessionImpl.java:1782)] - HHH90000022: Hibernate's legacy org.hibernate.Criteria API is deprecated; use the JPA javax.persistence.criteria.CriteriaQuery instead
2023-03-12 15:02:35.064 INFO [main] [org.springframework.web.context.ContextLoader.initWebApplicationContext(ContextLoader.java:271)] - Root WebApplicationContext: initialization started
2023-03-12 15:02:37.533 INFO [main] [org.hibernate.Version.logVersion(Version.java:44)] - HHH000412: Hibernate ORM core version 5.4.13.Final
2023-03-12 15:02:37.887 INFO [main] [org.hibernate.annotations.common.reflection.java.JavaReflectionManager.<clinit>(JavaReflectionManager.java:49)] - HCANN000001: Hibernate Commons Annotations {5.1.0.Final}
2023-03-12 15:02:38.891 INFO [main] [org.hibernate.dialect.Dialect.<init>(Dialect.java:172)] - HHH000400: Using dialect: org.hibernate.dialect.MySQL8Dialect
2023-03-12 15:02:39.345 WARN [main] [org.hibernate.boot.internal.InFlightMetadataCollectorImpl.addIdentifierGenerator(InFlightMetadataCollectorImpl.java:498)] - HHH000069: Duplicate generator name sequence-generator
2023-03-12 15:02:40.584 INFO [main] [org.hibernate.engine.transaction.jta.platform.internal.JtaPlatformInitiator.initiateService(JtaPlatformInitiator.java:52)] - HHH000490: Using JtaPlatform implementation: [org.hibernate.engine.transaction.jta.platform.internal.NoJtaPlatform]
2023-03-12 15:02:41.960 INFO [main] [org.springframework.security.web.DefaultSecurityFilterChain.<init>(DefaultSecurityFilterChain.java:43)] - Creating filter chain: any request, [org.springframework.security.web.context.request.async.WebAsyncManagerIntegrationFilter@2edac0f7, org.springframework.security.web.context.SecurityContextPersistenceFilter@ba27c12, org.springframework.security.web.header.HeaderWriterFilter@7eca07bd, org.springframework.security.web.authentication.logout.LogoutFilter@2a19df5a, org.springframework.security.web.authentication.UsernamePasswordAuthenticationFilter@64fbdf41, org.springframework.security.web.savedrequest.RequestCacheAwareFilter@58241679, org.springframework.security.web.servletapi.SecurityContextHolderAwareRequestFilter@6449a24b, org.springframework.security.web.authentication.AnonymousAuthenticationFilter@4b16ba59, org.springframework.security.web.session.SessionManagementFilter@bddfcff, org.springframework.security.web.access.ExceptionTranslationFilter@357c3c8f, org.springframework.security.web.access.intercept.FilterSecurityInterceptor@5949d47b]
2023-03-12 15:02:42.031 INFO [main] [org.springframework.web.context.ContextLoader.initWebApplicationContext(ContextLoader.java:307)] - Root WebApplicationContext initialized in 6956 ms
2023-03-12 15:02:42.061 INFO [main] [org.springframework.web.servlet.FrameworkServlet.initServletBean(FrameworkServlet.java:525)] - Initializing Servlet 'dispatcher'
2023-03-12 15:02:43.111 INFO [main] [org.hibernate.dialect.Dialect.<init>(Dialect.java:172)] - HHH000400: Using dialect: org.hibernate.dialect.MySQL8Dialect
2023-03-12 15:02:43.127 WARN [main] [org.hibernate.boot.internal.InFlightMetadataCollectorImpl.addIdentifierGenerator(InFlightMetadataCollectorImpl.java:498)] - HHH000069: Duplicate generator name sequence-generator
2023-03-12 15:02:43.306 INFO [main] [org.hibernate.engine.transaction.jta.platform.internal.JtaPlatformInitiator.initiateService(JtaPlatformInitiator.java:52)] - HHH000490: Using JtaPlatform implementation: [org.hibernate.engine.transaction.jta.platform.internal.NoJtaPlatform]
2023-03-12 15:02:43.364 INFO [main] [org.springframework.security.web.DefaultSecurityFilterChain.<init>(DefaultSecurityFilterChain.java:43)] - Creating filter chain: any request, [org.springframework.security.web.context.request.async.WebAsyncManagerIntegrationFilter@1a64dd2e, org.springframework.security.web.context.SecurityContextPersistenceFilter@15a9381, org.springframework.security.web.header.HeaderWriterFilter@1ab1c54a, org.springframework.security.web.authentication.logout.LogoutFilter@655ff10f, org.springframework.security.web.authentication.UsernamePasswordAuthenticationFilter@369dac1f, org.springframework.security.web.savedrequest.RequestCacheAwareFilter@388fcae3, org.springframework.security.web.servletapi.SecurityContextHolderAwareRequestFilter@2c80d32d, org.springframework.security.web.authentication.AnonymousAuthenticationFilter@1b5dc7c5, org.springframework.security.web.session.SessionManagementFilter@3af4d49d, org.springframework.security.web.access.ExceptionTranslationFilter@7c7d57c, org.springframework.security.web.access.intercept.FilterSecurityInterceptor@62a4b1b3]
2023-03-12 15:02:43.464 INFO [main] [org.springframework.web.servlet.FrameworkServlet.initServletBean(FrameworkServlet.java:547)] - Completed initialization in 1402 ms
2023-03-12 15:04:37.894 ERROR [http-nio-8080-exec-5] [com.ssnk.dao.UserDaoImpl.findUserByUsername(UserDaoImpl.java:63)] - org.hibernate.HibernateException: Could not obtain transaction-synchronized Session for current thread
2023-03-12 15:04:39.116 INFO [http-nio-8080-exec-7] [com.ssnk.dao.CustomerTempDaoImpl.getAll(CustomerTempDaoImpl.java:58)] - Calling getAll Temp Customers...
2023-03-12 15:04:39.137 WARN [http-nio-8080-exec-7] [org.hibernate.internal.SessionImpl.createCriteria(SessionImpl.java:1782)] - HHH90000022: Hibernate's legacy org.hibernate.Criteria API is deprecated; use the JPA javax.persistence.criteria.CriteriaQuery instead
2023-03-12 15:05:41.712 INFO [http-nio-8080-exec-3] [com.ssnk.dao.CustomerTempDaoImpl.getAll(CustomerTempDaoImpl.java:58)] - Calling getAll Temp Customers...
2023-03-12 15:05:41.713 WARN [http-nio-8080-exec-3] [org.hibernate.internal.SessionImpl.createCriteria(SessionImpl.java:1782)] - HHH90000022: Hibernate's legacy org.hibernate.Criteria API is deprecated; use the JPA javax.persistence.criteria.CriteriaQuery instead
2023-03-12 15:06:37.998 INFO [http-nio-8080-exec-8] [com.ssnk.dao.CustomerTempDaoImpl.getAll(CustomerTempDaoImpl.java:58)] - Calling getAll Temp Customers...
2023-03-12 15:06:37.999 WARN [http-nio-8080-exec-8] [org.hibernate.internal.SessionImpl.createCriteria(SessionImpl.java:1782)] - HHH90000022: Hibernate's legacy org.hibernate.Criteria API is deprecated; use the JPA javax.persistence.criteria.CriteriaQuery instead
2023-03-12 15:08:29.587 ERROR [http-nio-8080-exec-3] [com.ssnk.dao.UserDaoImpl.findUserByUsername(UserDaoImpl.java:63)] - org.hibernate.HibernateException: Could not obtain transaction-synchronized Session for current thread
2023-03-12 15:08:30.040 INFO [http-nio-8080-exec-5] [com.ssnk.dao.CustomerTempDaoImpl.getAll(CustomerTempDaoImpl.java:58)] - Calling getAll Temp Customers...
2023-03-12 15:08:30.041 WARN [http-nio-8080-exec-5] [org.hibernate.internal.SessionImpl.createCriteria(SessionImpl.java:1782)] - HHH90000022: Hibernate's legacy org.hibernate.Criteria API is deprecated; use the JPA javax.persistence.criteria.CriteriaQuery instead
2023-03-12 15:08:53.217 ERROR [http-nio-8080-exec-9] [com.ssnk.dao.UserDaoImpl.findUserByUsername(UserDaoImpl.java:63)] - org.hibernate.HibernateException: Could not obtain transaction-synchronized Session for current thread
2023-03-12 15:08:53.677 INFO [http-nio-8080-exec-10] [com.ssnk.dao.CustomerTempDaoImpl.getAll(CustomerTempDaoImpl.java:58)] - Calling getAll Temp Customers...
2023-03-12 15:08:53.678 WARN [http-nio-8080-exec-10] [org.hibernate.internal.SessionImpl.createCriteria(SessionImpl.java:1782)] - HHH90000022: Hibernate's legacy org.hibernate.Criteria API is deprecated; use the JPA javax.persistence.criteria.CriteriaQuery instead
2023-03-12 15:09:11.920 ERROR [http-nio-8080-exec-4] [com.ssnk.dao.UserDaoImpl.findUserByUsername(UserDaoImpl.java:63)] - org.hibernate.HibernateException: Could not obtain transaction-synchronized Session for current thread
2023-03-12 15:09:12.387 INFO [http-nio-8080-exec-6] [com.ssnk.dao.CustomerTempDaoImpl.getAll(CustomerTempDaoImpl.java:58)] - Calling getAll Temp Customers...
2023-03-12 15:09:12.388 WARN [http-nio-8080-exec-6] [org.hibernate.internal.SessionImpl.createCriteria(SessionImpl.java:1782)] - HHH90000022: Hibernate's legacy org.hibernate.Criteria API is deprecated; use the JPA javax.persistence.criteria.CriteriaQuery instead
2023-03-12 15:09:30.230 ERROR [http-nio-8080-exec-1] [com.ssnk.dao.UserDaoImpl.findUserByUsername(UserDaoImpl.java:63)] - org.hibernate.HibernateException: Could not obtain transaction-synchronized Session for current thread
2023-03-12 15:09:30.676 INFO [http-nio-8080-exec-2] [com.ssnk.dao.CustomerTempDaoImpl.getAll(CustomerTempDaoImpl.java:58)] - Calling getAll Temp Customers...
2023-03-12 15:09:30.677 WARN [http-nio-8080-exec-2] [org.hibernate.internal.SessionImpl.createCriteria(SessionImpl.java:1782)] - HHH90000022: Hibernate's legacy org.hibernate.Criteria API is deprecated; use the JPA javax.persistence.criteria.CriteriaQuery instead
2023-03-12 15:09:37.880 INFO [http-nio-8080-exec-3] [com.ssnk.controller.CheckerController.approve(CheckerController.java:37)] - Approving...
2023-03-12 15:09:37.911 ERROR [http-nio-8080-exec-3] [com.ssnk.dao.UserDaoImpl.findUserByUsername(UserDaoImpl.java:63)] - org.hibernate.HibernateException: Could not obtain transaction-synchronized Session for current thread
2023-03-12 15:09:37.939 ERROR [http-nio-8080-exec-3] [com.ssnk.dao.UserDaoImpl.findUserByUsername(UserDaoImpl.java:63)] - org.hibernate.HibernateException: Could not obtain transaction-synchronized Session for current thread
2023-03-12 15:09:38.101 INFO [http-nio-8080-exec-4] [com.ssnk.dao.CustomerTempDaoImpl.getAll(CustomerTempDaoImpl.java:58)] - Calling getAll Temp Customers...
2023-03-12 15:09:38.102 WARN [http-nio-8080-exec-4] [org.hibernate.internal.SessionImpl.createCriteria(SessionImpl.java:1782)] - HHH90000022: Hibernate's legacy org.hibernate.Criteria API is deprecated; use the JPA javax.persistence.criteria.CriteriaQuery instead
2023-03-12 15:09:43.302 WARN [http-nio-8080-exec-6] [org.hibernate.internal.SessionImpl.createCriteria(SessionImpl.java:1782)] - HHH90000022: Hibernate's legacy org.hibernate.Criteria API is deprecated; use the JPA javax.persistence.criteria.CriteriaQuery instead
2023-03-12 15:10:34.499 WARN [http-nio-8080-exec-9] [org.hibernate.internal.SessionImpl.createCriteria(SessionImpl.java:1782)] - HHH90000022: Hibernate's legacy org.hibernate.Criteria API is deprecated; use the JPA javax.persistence.criteria.CriteriaQuery instead
2023-03-12 15:12:01.610 INFO [http-nio-8080-exec-3] [com.ssnk.dao.CustomerTempDaoImpl.getAll(CustomerTempDaoImpl.java:58)] - Calling getAll Temp Customers...
2023-03-12 15:12:01.610 WARN [http-nio-8080-exec-3] [org.hibernate.internal.SessionImpl.createCriteria(SessionImpl.java:1782)] - HHH90000022: Hibernate's legacy org.hibernate.Criteria API is deprecated; use the JPA javax.persistence.criteria.CriteriaQuery instead
2023-03-12 15:12:21.321 ERROR [http-nio-8080-exec-6] [com.ssnk.dao.UserDaoImpl.findUserByUsername(UserDaoImpl.java:63)] - org.hibernate.HibernateException: Could not obtain transaction-synchronized Session for current thread
2023-03-12 15:12:21.791 INFO [http-nio-8080-exec-9] [com.ssnk.dao.CustomerTempDaoImpl.getAll(CustomerTempDaoImpl.java:58)] - Calling getAll Temp Customers...
2023-03-12 15:12:21.792 WARN [http-nio-8080-exec-9] [org.hibernate.internal.SessionImpl.createCriteria(SessionImpl.java:1782)] - HHH90000022: Hibernate's legacy org.hibernate.Criteria API is deprecated; use the JPA javax.persistence.criteria.CriteriaQuery instead
2023-03-12 15:12:29.552 WARN [http-nio-8080-exec-1] [org.hibernate.internal.SessionImpl.createCriteria(SessionImpl.java:1782)] - HHH90000022: Hibernate's legacy org.hibernate.Criteria API is deprecated; use the JPA javax.persistence.criteria.CriteriaQuery instead
2023-03-12 15:12:56.884 WARN [http-nio-8080-exec-4] [org.springframework.web.servlet.DispatcherServlet.noHandlerFound(DispatcherServlet.java:1251)] - No mapping for GET /BRD-Maker-Checker/tempCustomer/update/
2023-03-12 15:12:58.409 WARN [http-nio-8080-exec-5] [org.hibernate.internal.SessionImpl.createCriteria(SessionImpl.java:1782)] - HHH90000022: Hibernate's legacy org.hibernate.Criteria API is deprecated; use the JPA javax.persistence.criteria.CriteriaQuery instead
2023-03-12 15:13:11.621 INFO [http-nio-8080-exec-6] [com.ssnk.dao.CustomerTempDaoImpl.getAll(CustomerTempDaoImpl.java:58)] - Calling getAll Temp Customers...
2023-03-12 15:13:11.622 WARN [http-nio-8080-exec-6] [org.hibernate.internal.SessionImpl.createCriteria(SessionImpl.java:1782)] - HHH90000022: Hibernate's legacy org.hibernate.Criteria API is deprecated; use the JPA javax.persistence.criteria.CriteriaQuery instead
